app/build/intermediates/manifest_merge_blame_file/debug/manifest-merger-blame-debug-report.txt
1<?xml version="1.0" encoding="utf-8"?>
2<manifest xmlns:android="http://schemas.android.com/apk/res/android"
3    package="com.example.dairyapp"
4    android:versionCode="1"
5    android:versionName="1.0" >
6
7    <uses-sdk
8        android:minSdkVersion="23"
8-->src\main\AndroidManifest.xml
9        android:targetSdkVersion="29" />
9-->src\main\AndroidManifest.xml
10
11    <uses-permission android:name="android.permission.INTERNET" />
11-->src\main\AndroidManifest.xml:5:1-62
11-->src\main\AndroidManifest.xml:5:18-60
12
13    <!-- Although the *SdkVersion is captured in gradle build files, this is required for non gradle builds -->
14    <!-- <uses-sdk android:minSdkVersion="14"/> -->
15    <uses-permission android:name="android.permission.ACCESS_NETWORK_STATE" />
15-->[com.google.firebase:firebase-database:20.0.0] AndroidManifest.xml:25:5-79
15-->[com.google.firebase:firebase-database:20.0.0] AndroidManifest.xml:25:22-76
16    <uses-permission android:name="android.permission.WAKE_LOCK" />
16-->[com.google.android.gms:play-services-measurement-api:19.0.0] AndroidManifest.xml:24:5-68
16-->[com.google.android.gms:play-services-measurement-api:19.0.0] AndroidManifest.xml:24:22-65
17    <uses-permission android:name="com.google.android.finsky.permission.BIND_GET_INSTALL_REFERRER_SERVICE" />
17-->[com.google.android.gms:play-services-measurement:19.0.0] AndroidManifest.xml:26:5-110
17-->[com.google.android.gms:play-services-measurement:19.0.0] AndroidManifest.xml:26:22-107
18
19    <application
19-->src\main\AndroidManifest.xml:6:5-59:19
20        android:allowBackup="true"
20-->src\main\AndroidManifest.xml:7:9-35
21        android:appComponentFactory="androidx.core.app.CoreComponentFactory"
21-->[androidx.core:core:1.3.2] AndroidManifest.xml:24:18-86
22        android:debuggable="true"
23        android:extractNativeLibs="false"
24        android:icon="@mipmap/ic_launcher"
24-->src\main\AndroidManifest.xml:8:9-43
25        android:label="MyDairyApp"
25-->src\main\AndroidManifest.xml:9:9-35
26        android:roundIcon="@mipmap/ic_launcher_round"
26-->src\main\AndroidManifest.xml:10:9-54
27        android:supportsRtl="true"
27-->src\main\AndroidManifest.xml:11:9-35
28        android:testOnly="true"
29        android:theme="@style/AppTheme" >
29-->src\main\AndroidManifest.xml:12:9-40
30
31        <!-- <activity -->
32        <!-- android:name=".VendorHome" -->
33        <!-- android:label="@string/title_activity_vendor_home"> -->
34        <!-- <intent-filter> -->
35        <!-- <action android:name="android.intent.action.MAIN" /> -->
36
37
38        <!-- <category android:name="android.intent.category.LAUNCHER" /> -->
39        <!-- </intent-filter> -->
40        <!-- </activity> -->
41
42
43        <!--
44               Set to true if your app is Standalone, that is, it does not require the handheld
45               app to run.
46        -->
47
48        <activity android:name="com.example.dairyapp.MyOrder" /> <!-- <activity android:name=".Intro.IntroActivity" -->
48-->src\main\AndroidManifest.xml:30:9-45
48-->src\main\AndroidManifest.xml:30:19-42
49        <!-- android:theme="@style/AppThemeNo"> -->
50        <!-- <intent-filter> -->
51        <!-- <action android:name="android.intent.action.MAIN" /> -->
52        <!-- <category android:name="android.intent.category.LAUNCHER" /> -->
53        <!-- </intent-filter> -->
54        <!-- </activity> -->
55        <activity
55-->src\main\AndroidManifest.xml:37:9-45:20
56            android:name="com.example.dairyapp.SplashScreen"
56-->src\main\AndroidManifest.xml:38:13-41
57            android:theme="@style/SplashScreen" >
57-->src\main\AndroidManifest.xml:39:13-48
58            <intent-filter>
58-->src\main\AndroidManifest.xml:40:13-44:29
59                <action android:name="android.intent.action.MAIN" />
59-->src\main\AndroidManifest.xml:41:17-69
59-->src\main\AndroidManifest.xml:41:25-66
60
61                <category android:name="android.intent.category.LAUNCHER" />
61-->src\main\AndroidManifest.xml:43:17-77
61-->src\main\AndroidManifest.xml:43:27-74
62            </intent-filter>
63        </activity>
64        <activity
64-->src\main\AndroidManifest.xml:46:9-48:47
65            android:name="com.example.dairyapp.MainActivity"
65-->src\main\AndroidManifest.xml:47:13-41
66            android:theme="@style/AppTheme" />
66-->src\main\AndroidManifest.xml:48:13-44
67        <activity android:name="com.example.dairyapp.LoginPage" />
67-->src\main\AndroidManifest.xml:49:9-47
67-->src\main\AndroidManifest.xml:49:19-44
68        <activity android:name="com.example.dairyapp.RegisterPage" />
68-->src\main\AndroidManifest.xml:50:9-50
68-->src\main\AndroidManifest.xml:50:19-47
69        <activity android:name="com.example.dairyapp.VendorLoginPage" />
69-->src\main\AndroidManifest.xml:51:9-53
69-->src\main\AndroidManifest.xml:51:19-50
70        <activity android:name="com.example.dairyapp.VendorRegisterPage" />
70-->src\main\AndroidManifest.xml:52:9-56
70-->src\main\AndroidManifest.xml:52:19-53
71        <activity android:name="com.example.dairyapp.CowMilk" />
71-->src\main\AndroidManifest.xml:53:9-45
71-->src\main\AndroidManifest.xml:53:19-42
72        <activity android:name="com.example.dairyapp.place_order" />
72-->src\main\AndroidManifest.xml:54:9-49
72-->src\main\AndroidManifest.xml:54:19-46
73        <activity android:name="com.example.dairyapp.BillPage" />
73-->src\main\AndroidManifest.xml:55:9-46
73-->src\main\AndroidManifest.xml:55:19-43
74        <activity android:name="com.example.dairyapp.UserProfile" />
74-->src\main\AndroidManifest.xml:56:9-49
74-->src\main\AndroidManifest.xml:56:19-46
75        <activity android:name="com.example.dairyapp.VendorHome" />
75-->src\main\AndroidManifest.xml:57:9-47
75-->src\main\AndroidManifest.xml:57:19-45
76
77        <service
77-->[com.google.firebase:firebase-database:20.0.0] AndroidManifest.xml:29:9-35:19
78            android:name="com.google.firebase.components.ComponentDiscoveryService"
78-->[com.google.firebase:firebase-database:20.0.0] AndroidManifest.xml:30:13-84
79            android:directBootAware="true"
79-->[com.google.firebase:firebase-common:20.0.0] AndroidManifest.xml:35:13-43
80            android:exported="false" >
80-->[com.google.firebase:firebase-database:20.0.0] AndroidManifest.xml:31:13-37
81            <meta-data
81-->[com.google.firebase:firebase-database:20.0.0] AndroidManifest.xml:32:13-34:85
82                android:name="com.google.firebase.components:com.google.firebase.database.DatabaseRegistrar"
82-->[com.google.firebase:firebase-database:20.0.0] AndroidManifest.xml:33:17-109
83                android:value="com.google.firebase.components.ComponentRegistrar" />
83-->[com.google.firebase:firebase-database:20.0.0] AndroidManifest.xml:34:17-82
84            <meta-data
84-->[com.google.android.gms:play-services-measurement-api:19.0.0] AndroidManifest.xml:30:13-32:85
85                android:name="com.google.firebase.components:com.google.firebase.analytics.connector.internal.AnalyticsConnectorRegistrar"
85-->[com.google.android.gms:play-services-measurement-api:19.0.0] AndroidManifest.xml:31:17-139
86                android:value="com.google.firebase.components.ComponentRegistrar" />
86-->[com.google.android.gms:play-services-measurement-api:19.0.0] AndroidManifest.xml:32:17-82
87            <meta-data
87-->[com.google.firebase:firebase-installations:17.0.0] AndroidManifest.xml:18:13-20:85
88                android:name="com.google.firebase.components:com.google.firebase.installations.FirebaseInstallationsRegistrar"
88-->[com.google.firebase:firebase-installations:17.0.0] AndroidManifest.xml:19:17-127
89                android:value="com.google.firebase.components.ComponentRegistrar" />
89-->[com.google.firebase:firebase-installations:17.0.0] AndroidManifest.xml:20:17-82
90        </service>
91
92        <provider
92-->[com.google.firebase:firebase-common:20.0.0] AndroidManifest.xml:26:9-31:39
93            android:name="com.google.firebase.provider.FirebaseInitProvider"
93-->[com.google.firebase:firebase-common:20.0.0] AndroidManifest.xml:27:13-77
94            android:authorities="com.example.dairyapp.firebaseinitprovider"
94-->[com.google.firebase:firebase-common:20.0.0] AndroidManifest.xml:28:13-72
95            android:directBootAware="true"
95-->[com.google.firebase:firebase-common:20.0.0] AndroidManifest.xml:29:13-43
96            android:exported="false"
96-->[com.google.firebase:firebase-common:20.0.0] AndroidManifest.xml:30:13-37
97            android:initOrder="100" />
97-->[com.google.firebase:firebase-common:20.0.0] AndroidManifest.xml:31:13-36
98
99        <receiver
99-->[com.google.android.gms:play-services-measurement:19.0.0] AndroidManifest.xml:29:9-33:20
100            android:name="com.google.android.gms.measurement.AppMeasurementReceiver"
100-->[com.google.android.gms:play-services-measurement:19.0.0] AndroidManifest.xml:30:13-85
101            android:enabled="true"
101-->[com.google.android.gms:play-services-measurement:19.0.0] AndroidManifest.xml:31:13-35
102            android:exported="false" >
102-->[com.google.android.gms:play-services-measurement:19.0.0] AndroidManifest.xml:32:13-37
103        </receiver>
104
105        <service
105-->[com.google.android.gms:play-services-measurement:19.0.0] AndroidManifest.xml:35:9-38:40
106            android:name="com.google.android.gms.measurement.AppMeasurementService"
106-->[com.google.android.gms:play-services-measurement:19.0.0] AndroidManifest.xml:36:13-84
107            android:enabled="true"
107-->[com.google.android.gms:play-services-measurement:19.0.0] AndroidManifest.xml:37:13-35
108            android:exported="false" />
108-->[com.google.android.gms:play-services-measurement:19.0.0] AndroidManifest.xml:38:13-37
109        <service
109-->[com.google.android.gms:play-services-measurement:19.0.0] AndroidManifest.xml:39:9-43:72
110            android:name="com.google.android.gms.measurement.AppMeasurementJobService"
110-->[com.google.android.gms:play-services-measurement:19.0.0] AndroidManifest.xml:40:13-87
111            android:enabled="true"
111-->[com.google.android.gms:play-services-measurement:19.0.0] AndroidManifest.xml:41:13-35
112            android:exported="false"
112-->[com.google.android.gms:play-services-measurement:19.0.0] AndroidManifest.xml:42:13-37
113            android:permission="android.permission.BIND_JOB_SERVICE" />
113-->[com.google.android.gms:play-services-measurement:19.0.0] AndroidManifest.xml:43:13-69
114
115        <activity
115-->[com.google.android.gms:play-services-base:17.1.0] AndroidManifest.xml:23:9-26:75
116            android:name="com.google.android.gms.common.api.GoogleApiActivity"
116-->[com.google.android.gms:play-services-base:17.1.0] AndroidManifest.xml:24:13-79
117            android:exported="false"
117-->[com.google.android.gms:play-services-base:17.1.0] AndroidManifest.xml:25:13-37
118            android:theme="@android:style/Theme.Translucent.NoTitleBar" />
118-->[com.google.android.gms:play-services-base:17.1.0] AndroidManifest.xml:26:13-72
119
120        <meta-data
120-->[com.google.android.gms:play-services-basement:17.0.0] AndroidManifest.xml:23:9-25:69
121            android:name="com.google.android.gms.version"
121-->[com.google.android.gms:play-services-basement:17.0.0] AndroidManifest.xml:24:13-58
122            android:value="@integer/google_play_services_version" />
122-->[com.google.android.gms:play-services-basement:17.0.0] AndroidManifest.xml:25:13-66
123    </application>
124
125</manifest>